This is pdfTeX, Version 3.141592653-2.6-1.40.27 (MiKTeX 25.4) (preloaded format=pdflatex 2025.12.3)  5 DEC 2025 22:44
entering extended mode
 restricted \write18 enabled.
 file:line:error style messages enabled.
 %&-line parsing enabled.
**"c:/Users/WSIP/Downloads/5th semester/Simulation Modelling/group project/moge-simulation-modelling/main.tex"
(c:/Users/WSIP/Downloads/5th semester/Simulation Modelling/group project/moge-simulation-modelling/main.tex
LaTeX2e <2025-11-01>
L3 programming layer <2025-11-06>
(C:\Program Files\MiKTeX\tex/latex/base\report.cls
Document Class: report 2025/01/22 v1.4n Standard LaTeX document class
(C:\Program Files\MiKTeX\tex/latex/base\size12.clo
File: size12.clo 2025/01/22 v1.4n Standard LaTeX file (size option)
)
\c@part=\count275
\c@chapter=\count276
\c@section=\count277
\c@subsection=\count278
\c@subsubsection=\count279
\c@paragraph=\count280
\c@subparagraph=\count281
\c@figure=\count282
\c@table=\count283
\abovecaptionskip=\skip49
\belowcaptionskip=\skip50
\bibindent=\dimen148
) (preamble/packages.tex (C:\Program Files\MiKTeX\tex/latex/amsmath\amsmath.sty
Package: amsmath 2025/07/09 v2.17z AMS math features
\@mathmargin=\skip51

For additional information on amsmath, use the `?' option.
(C:\Program Files\MiKTeX\tex/latex/amsmath\amstext.sty
Package: amstext 2024/11/17 v2.01 AMS text
 (C:\Program Files\MiKTeX\tex/latex/amsmath\amsgen.sty
File: amsgen.sty 1999/11/30 v2.0 generic functions
\@emptytoks=\toks17
\ex@=\dimen149
)) (C:\Program Files\MiKTeX\tex/latex/amsmath\amsbsy.sty
Package: amsbsy 1999/11/29 v1.2d Bold Symbols
\pmbraise@=\dimen150
) (C:\Program Files\MiKTeX\tex/latex/amsmath\amsopn.sty
Package: amsopn 2022/04/08 v2.04 operator names
)
\inf@bad=\count284
LaTeX Info: Redefining \frac on input line 233.
\uproot@=\count285
\leftroot@=\count286
LaTeX Info: Redefining \overline on input line 398.
LaTeX Info: Redefining \colon on input line 409.
\classnum@=\count287
\DOTSCASE@=\count288
LaTeX Info: Redefining \ldots on input line 495.
LaTeX Info: Redefining \dots on input line 498.
LaTeX Info: Redefining \cdots on input line 619.
\Mathstrutbox@=\box53
\strutbox@=\box54
LaTeX Info: Redefining \big on input line 721.
LaTeX Info: Redefining \Big on input line 722.
LaTeX Info: Redefining \bigg on input line 723.
LaTeX Info: Redefining \Bigg on input line 724.
\big@size=\dimen151
LaTeX Font Info:    Redeclaring font encoding OML on input line 742.
LaTeX Font Info:    Redeclaring font encoding OMS on input line 743.
\macc@depth=\count289
LaTeX Info: Redefining \bmod on input line 904.
LaTeX Info: Redefining \pmod on input line 909.
LaTeX Info: Redefining \smash on input line 939.
LaTeX Info: Redefining \relbar on input line 969.
LaTeX Info: Redefining \Relbar on input line 970.
\c@MaxMatrixCols=\count290
\dotsspace@=\muskip17
\c@parentequation=\count291
\dspbrk@lvl=\count292
\tag@help=\toks18
\row@=\count293
\column@=\count294
\maxfields@=\count295
\andhelp@=\toks19
\eqnshift@=\dimen152
\alignsep@=\dimen153
\tagshift@=\dimen154
\tagwidth@=\dimen155
\totwidth@=\dimen156
\lineht@=\dimen157
\@envbody=\toks20
\multlinegap=\skip52
\multlinetaggap=\skip53
\mathdisplay@stack=\toks21
LaTeX Info: Redefining \[ on input line 2950.
LaTeX Info: Redefining \] on input line 2951.
) (C:\Program Files\MiKTeX\tex/latex/amsfonts\amssymb.sty
Package: amssymb 2013/01/14 v3.01 AMS font symbols
 (C:\Program Files\MiKTeX\tex/latex/amsfonts\amsfonts.sty
Package: amsfonts 2013/01/14 v3.01 Basic AMSFonts support
\symAMSa=\mathgroup4
\symAMSb=\mathgroup5
LaTeX Font Info:    Redeclaring math symbol \hbar on input line 98.
LaTeX Font Info:    Overwriting math alphabet `\mathfrak' in version `bold'
(Font)                  U/euf/m/n --> U/euf/b/n on input line 106.
)) (C:\Program Files\MiKTeX\tex/latex/graphics\graphicx.sty
Package: graphicx 2024/12/31 v1.2e Enhanced LaTeX Graphics (DPC,SPQR)
 (C:\Program Files\MiKTeX\tex/latex/graphics\keyval.sty
Package: keyval 2022/05/29 v1.15 key=value parser (DPC)
\KV@toks@=\toks22
) (C:\Program Files\MiKTeX\tex/latex/graphics\graphics.sty
Package: graphics 2024/08/06 v1.4g Standard LaTeX Graphics (DPC,SPQR)
 (C:\Program Files\MiKTeX\tex/latex/graphics\trig.sty
Package: trig 2023/12/02 v1.11 sin cos tan (DPC)
) (C:\Program Files\MiKTeX\tex/latex/graphics-cfg\graphics.cfg
File: graphics.cfg 2016/06/04 v1.11 sample graphics configuration
)
Package graphics Info: Driver file: pdftex.def on input line 106.
 (C:\Program Files\MiKTeX\tex/latex/graphics-def\pdftex.def
File: pdftex.def 2025/09/29 v1.2d Graphics/color driver for pdftex
))
\Gin@req@height=\dimen158
\Gin@req@width=\dimen159
) (C:\Users\WSIP\AppData\Roaming\MiKTeX\tex/latex/float\float.sty
Package: float 2001/11/08 v1.3d Float enhancements (AL)
\c@float@type=\count296
\float@exts=\toks23
\float@box=\box55
\@float@everytoks=\toks24
\@floatcapt=\box56
) (C:\Program Files\MiKTeX\tex/latex/hyperref\hyperref.sty
Package: hyperref 2025-07-12 v7.01o Hypertext links for LaTeX
 (C:\Program Files\MiKTeX\tex/generic/iftex\iftex.sty
Package: iftex 2024/12/12 v1.0g TeX engine tests
) (C:\Users\WSIP\AppData\Roaming\MiKTeX\tex/latex/kvsetkeys\kvsetkeys.sty
Package: kvsetkeys 2022-10-05 v1.19 Key value parser (HO)
) (C:\Users\WSIP\AppData\Roaming\MiKTeX\tex/generic/kvdefinekeys\kvdefinekeys.sty
Package: kvdefinekeys 2019-12-19 v1.6 Define keys (HO)
) (C:\Users\WSIP\AppData\Roaming\MiKTeX\tex/generic/pdfescape\pdfescape.sty
Package: pdfescape 2019/12/09 v1.15 Implements pdfTeX's escape features (HO)
 (C:\Users\WSIP\AppData\Roaming\MiKTeX\tex/generic/ltxcmds\ltxcmds.sty
Package: ltxcmds 2023-12-04 v1.26 LaTeX kernel commands for general use (HO)
) (C:\Program Files\MiKTeX\tex/generic/pdftexcmds\pdftexcmds.sty
Package: pdftexcmds 2020-06-27 v0.33 Utility functions of pdfTeX for LuaTeX (HO)
 (C:\Users\WSIP\AppData\Roaming\MiKTeX\tex/generic/infwarerr\infwarerr.sty
Package: infwarerr 2019/12/03 v1.5 Providing info/warning/error messages (HO)
)
Package pdftexcmds Info: \pdf@primitive is available.
Package pdftexcmds Info: \pdf@ifprimitive is available.
Package pdftexcmds Info: \pdfdraftmode found.
)) (C:\Users\WSIP\AppData\Roaming\MiKTeX\tex/latex/hycolor\hycolor.sty
Package: hycolor 2020-01-27 v1.10 Color options for hyperref/bookmark (HO)
) (C:\Program Files\MiKTeX\tex/latex/hyperref\nameref.sty
Package: nameref 2025-06-21 v2.57 Cross-referencing by name of section
 (C:\Users\WSIP\AppData\Roaming\MiKTeX\tex/latex/refcount\refcount.sty
Package: refcount 2019/12/15 v3.6 Data extraction from label references (HO)
) (C:\Users\WSIP\AppData\Roaming\MiKTeX\tex/generic/gettitlestring\gettitlestring.sty
Package: gettitlestring 2019/12/15 v1.6 Cleanup title references (HO)
 (C:\Users\WSIP\AppData\Roaming\MiKTeX\tex/latex/kvoptions\kvoptions.sty
Package: kvoptions 2022-06-15 v3.15 Key value format for package options (HO)
))
\c@section@level=\count297
) (C:\Program Files\MiKTeX\tex/latex/etoolbox\etoolbox.sty
Package: etoolbox 2025/10/02 v2.5m e-TeX tools for LaTeX (JAW)
\etb@tempcnta=\count298
) (C:\Users\WSIP\AppData\Roaming\MiKTeX\tex/generic/stringenc\stringenc.sty
Package: stringenc 2019/11/29 v1.12 Convert strings between diff. encodings (HO)
)
\@linkdim=\dimen160
\Hy@linkcounter=\count299
\Hy@pagecounter=\count300
 (C:\Program Files\MiKTeX\tex/latex/hyperref\pd1enc.def
File: pd1enc.def 2025-07-12 v7.01o Hyperref: PDFDocEncoding definition (HO)
Now handling font encoding PD1 ...
... no UTF-8 mapping file for font encoding PD1
) (C:\Users\WSIP\AppData\Roaming\MiKTeX\tex/generic/intcalc\intcalc.sty
Package: intcalc 2019/12/15 v1.3 Expandable calculations with integers (HO)
)
\Hy@SavedSpaceFactor=\count301
 (C:\Program Files\MiKTeX\tex/latex/hyperref\puenc.def
File: puenc.def 2025-07-12 v7.01o Hyperref: PDF Unicode definition (HO)
Now handling font encoding PU ...
... no UTF-8 mapping file for font encoding PU
)
Package hyperref Info: Hyper figures OFF on input line 4195.
Package hyperref Info: Link nesting OFF on input line 4200.
Package hyperref Info: Hyper index ON on input line 4203.
Package hyperref Info: Plain pages OFF on input line 4210.
Package hyperref Info: Backreferencing OFF on input line 4215.
Package hyperref Info: Implicit mode ON; LaTeX internals redefined.
Package hyperref Info: Bookmarks ON on input line 4462.
\c@Hy@tempcnt=\count302
 (C:\Program Files\MiKTeX\tex/latex/url\url.sty
\Urlmuskip=\muskip18
Package: url 2013/09/16  ver 3.4  Verb mode for urls, etc.
)
LaTeX Info: Redefining \url on input line 4801.
\XeTeXLinkMargin=\dimen161
 (C:\Users\WSIP\AppData\Roaming\MiKTeX\tex/generic/bitset\bitset.sty
Package: bitset 2019/12/09 v1.3 Handle bit-vector datatype (HO)
 (C:\Users\WSIP\AppData\Roaming\MiKTeX\tex/generic/bigintcalc\bigintcalc.sty
Package: bigintcalc 2019/12/15 v1.5 Expandable calculations on big integers (HO)
))
\Fld@menulength=\count303
\Field@Width=\dimen162
\Fld@charsize=\dimen163
Package hyperref Info: Hyper figures OFF on input line 6078.
Package hyperref Info: Link nesting OFF on input line 6083.
Package hyperref Info: Hyper index ON on input line 6086.
Package hyperref Info: backreferencing OFF on input line 6093.
Package hyperref Info: Link coloring OFF on input line 6098.
Package hyperref Info: Link coloring with OCG OFF on input line 6103.
Package hyperref Info: PDF/A mode OFF on input line 6108.
\Hy@abspage=\count304
\c@Item=\count305
\c@Hfootnote=\count306
)
Package hyperref Info: Driver (autodetected): hpdftex.
 (C:\Program Files\MiKTeX\tex/latex/hyperref\hpdftex.def
File: hpdftex.def 2025-07-12 v7.01o Hyperref driver for pdfTeX
\Fld@listcount=\count307
\c@bookmark@seq@number=\count308
 (C:\Users\WSIP\AppData\Roaming\MiKTeX\tex/latex/rerunfilecheck\rerunfilecheck.sty
Package: rerunfilecheck 2025-06-21 v1.11 Rerun checks for auxiliary files (HO)
 (C:\Users\WSIP\AppData\Roaming\MiKTeX\tex/generic/uniquecounter\uniquecounter.sty
Package: uniquecounter 2019/12/15 v1.4 Provide unlimited unique counter (HO)
)
Package uniquecounter Info: New unique counter `rerunfilecheck' on input line 284.
)
\Hy@SectionHShift=\skip54
) (C:\Users\WSIP\AppData\Roaming\MiKTeX\tex/latex/setspace\setspace.sty
Package: setspace 2022/12/04 v6.7b set line spacing
) (C:\Users\WSIP\AppData\Roaming\MiKTeX\tex/latex/geometry\geometry.sty
Package: geometry 2020/01/02 v5.9 Page Geometry
 (C:\Program Files\MiKTeX\tex/generic/iftex\ifvtex.sty
Package: ifvtex 2019/10/25 v1.7 ifvtex legacy package. Use iftex instead.
)
\Gm@cnth=\count309
\Gm@cntv=\count310
\c@Gm@tempcnt=\count311
\Gm@bindingoffset=\dimen164
\Gm@wd@mp=\dimen165
\Gm@odd@mp=\dimen166
\Gm@even@mp=\dimen167
\Gm@layoutwidth=\dimen168
\Gm@layoutheight=\dimen169
\Gm@layouthoffset=\dimen170
\Gm@layoutvoffset=\dimen171
\Gm@dimlist=\toks25
 (C:\Users\WSIP\AppData\Roaming\MiKTeX\tex/latex/geometry\geometry.cfg)) (C:\Users\WSIP\AppData\Roaming\MiKTeX\tex/latex/titlesec\titlesec.sty
Package: titlesec 2025/01/04 v2.17 Sectioning titles
\ttl@box=\box57
\beforetitleunit=\skip55
\aftertitleunit=\skip56
\ttl@plus=\dimen172
\ttl@minus=\dimen173
\ttl@toksa=\toks26
\titlewidth=\dimen174
\titlewidthlast=\dimen175
\titlewidthfirst=\dimen176
) (C:\Users\WSIP\AppData\Roaming\MiKTeX\tex/latex/booktabs\booktabs.sty
Package: booktabs 2020/01/12 v1.61803398 Publication quality tables
\heavyrulewidth=\dimen177
\lightrulewidth=\dimen178
\cmidrulewidth=\dimen179
\belowrulesep=\dimen180
\belowbottomsep=\dimen181
\aboverulesep=\dimen182
\abovetopsep=\dimen183
\cmidrulesep=\dimen184
\cmidrulekern=\dimen185
\defaultaddspace=\dimen186
\@cmidla=\count312
\@cmidlb=\count313
\@aboverulesep=\dimen187
\@belowrulesep=\dimen188
\@thisruleclass=\count314
\@lastruleclass=\count315
\@thisrulewidth=\dimen189
) (C:\Users\WSIP\AppData\Roaming\MiKTeX\tex/latex/natbib\natbib.sty
Package: natbib 2010/09/13 8.31b (PWD, AO)
\bibhang=\skip57
\bibsep=\skip58
LaTeX Info: Redefining \cite on input line 694.
\c@NAT@ctr=\count316
)) (C:\Program Files\MiKTeX\tex/latex/l3backend\l3backend-pdftex.def
File: l3backend-pdftex.def 2025-10-09 L3 backend support: PDF output (pdfTeX)
\l__color_backend_stack_int=\count317
)
No file main.aux.
\openout1 = `main.aux'.

LaTeX Font Info:    Checking defaults for OML/cmm/m/it on input line 11.
LaTeX Font Info:    ... okay on input line 11.
LaTeX Font Info:    Checking defaults for OMS/cmsy/m/n on input line 11.
LaTeX Font Info:    ... okay on input line 11.
LaTeX Font Info:    Checking defaults for OT1/cmr/m/n on input line 11.
LaTeX Font Info:    ... okay on input line 11.
LaTeX Font Info:    Checking defaults for T1/cmr/m/n on input line 11.
LaTeX Font Info:    ... okay on input line 11.
LaTeX Font Info:    Checking defaults for TS1/cmr/m/n on input line 11.
LaTeX Font Info:    ... okay on input line 11.
LaTeX Font Info:    Checking defaults for OMX/cmex/m/n on input line 11.
LaTeX Font Info:    ... okay on input line 11.
LaTeX Font Info:    Checking defaults for U/cmr/m/n on input line 11.
LaTeX Font Info:    ... okay on input line 11.
LaTeX Font Info:    Checking defaults for PD1/pdf/m/n on input line 11.
LaTeX Font Info:    ... okay on input line 11.
LaTeX Font Info:    Checking defaults for PU/pdf/m/n on input line 11.
LaTeX Font Info:    ... okay on input line 11.
(C:\Program Files\MiKTeX\tex/context/base/mkii\supp-pdf.mkii
[Loading MPS to PDF converter (version 2006.09.02).]
\scratchcounter=\count318
\scratchdimen=\dimen190
\scratchbox=\box58
\nofMPsegments=\count319
\nofMParguments=\count320
\everyMPshowfont=\toks27
\MPscratchCnt=\count321
\MPscratchDim=\dimen191
\MPnumerator=\count322
\makeMPintoPDFobject=\count323
\everyMPtoPDFconversion=\toks28
) (C:\Program Files\MiKTeX\tex/latex/epstopdf-pkg\epstopdf-base.sty
Package: epstopdf-base 2020-01-24 v2.11 Base part for package epstopdf
Package epstopdf-base Info: Redefining graphics rule for `.eps' on input line 485.
 (C:\Program Files\MiKTeX\tex/latex/00miktex\epstopdf-sys.cfg
File: epstopdf-sys.cfg 2021/03/18 v2.0 Configuration of epstopdf for MiKTeX
))
Package hyperref Info: Link coloring OFF on input line 11.
\@outlinefile=\write3
\openout3 = `main.out'.


*geometry* driver: auto-detecting
*geometry* detected driver: pdftex
*geometry* verbose mode - [ preamble ] result:
* driver: pdftex
* paper: a4paper
* layout: <same size as paper>
* layoutoffset:(h,v)=(0.0pt,0.0pt)
* modes: 
* h-part:(L,W,R)=(72.26999pt, 452.9679pt, 72.26999pt)
* v-part:(T,H,B)=(72.26999pt, 700.50687pt, 72.26999pt)
* \paperwidth=597.50787pt
* \paperheight=845.04684pt
* \textwidth=452.9679pt
* \textheight=700.50687pt
* \oddsidemargin=0.0pt
* \evensidemargin=0.0pt
* \topmargin=-37.0pt
* \headheight=12.0pt
* \headsep=25.0pt
* \topskip=12.0pt
* \footskip=30.0pt
* \marginparwidth=35.0pt
* \marginparsep=10.0pt
* \columnsep=10.0pt
* \skip\footins=10.8pt plus 4.0pt minus 2.0pt
* \hoffset=0.0pt
* \voffset=0.0pt
* \mag=1000
* \@twocolumnfalse
* \@twosidefalse
* \@mparswitchfalse
* \@reversemarginfalse
* (1in=72.27pt=25.4mm, 1cm=28.453pt)

(frontmatter/titlepage.tex
<spjain-logo.png, id=3, 205.76875pt x 103.38625pt>
File: spjain-logo.png Graphic file (type png)
<use spjain-logo.png>
Package pdftex.def Info: spjain-logo.png  used on input line 5.
(pdftex.def)             Requested size: 142.26378pt x 71.47856pt.
 [1

{C:/Users/WSIP/AppData/Local/MiKTeX/fonts/map/pdftex/pdftex.map} <./spjain-logo.png>]) (frontmatter/abstract.tex
Overfull \hbox (7.05792pt too wide) in paragraph at lines 2--8
\OT1/cmr/m/n/12 This project presents a brief study of the Marshall--Olkin Gen-er-al-ized Ex-po-nen-tial (MOGE)
 []


pdfTeX warning (ext4): destination with the same identifier (name{page.1}) has been already used, duplicate ignored
<to be read again> 
                   \relax 
l.15 \end{abstract}
                    [1]) (frontmatter/acknowledgements.tex)
pdfTeX warning (ext4): destination with the same identifier (name{page.1}) has been already used, duplicate ignored
<to be read again> 
                   \relax 
l.23 \tableofcontents
                      [1

]
No file main.toc.
\tf@toc=\write4
\openout4 = `main.toc'.

[2

]
\openout2 = `chapters/chapter1_introduction.aux'.

 (chapters/chapter1_introduction.tex
Chapter 1.
LaTeX Font Info:    Trying to load font information for U+msa on input line 18.
(C:\Program Files\MiKTeX\tex/latex/amsfonts\umsa.fd
File: umsa.fd 2013/01/14 v3.01 AMS symbols A
)
LaTeX Font Info:    Trying to load font information for U+msb on input line 18.
 (C:\Program Files\MiKTeX\tex/latex/amsfonts\umsb.fd
File: umsb.fd 2013/01/14 v3.01 AMS symbols B
)) [3


] [4]
\openout2 = `chapters/chapter2_distributions.aux'.

 (chapters/chapter2_distributions.tex
Chapter 2.
[5




] [6] [7]
Overfull \hbox (13.33981pt too wide) in paragraph at lines 109--109
|[]\OT1/cmr/bx/n/17.28 Marshall--Olkin Gen-er-al-ized Ex-po-nen-tial (MOGE)
 []

[8]) [9]
\openout2 = `chapters/chapter3_model_description.aux'.

 (chapters/chapter3_model_description.tex
Chapter 3.
) [10




]
\openout2 = `chapters/chapter4_methodology_em_overview.aux'.

 (chapters/chapter4_methodology_em_overview.tex
Chapter 4.
[11




] [12] [13]) [14]
\openout2 = `chapters/chapter5_parameter_estimation.aux'.

 (chapters/chapter5_parameter_estimation.tex
Chapter 5.

Overfull \hbox (0.9873pt too wide) detected at line 43
[][][]\OML/cmm/m/it/12 `\OT1/cmr/m/n/12 (\OML/cmm/m/it/12 ; ^^U; ^^R\OT1/cmr/m/n/12 ) = \OML/cmm/m/it/12 n []\OT1/cmr/m/n/12 (\OML/cmm/m/it/12 ^^U^^R\OT1/cmr/m/n/12 ) \OMS/cmsy/m/n/12 ^^@ \OML/cmm/m/it/12 ^^U [] x[] \OT1/cmr/m/n/12 + (\OML/cmm/m/it/12  \OMS/cmsy/m/n/12 ^^@ \OT1/cmr/m/n/12 1) [] [](1 \OMS/cmsy/m/n/12 ^^@ \OML/cmm/m/it/12 e[]\OT1/cmr/m/n/12 ) \OMS/cmsy/m/n/12 ^^@ \OT1/cmr/m/n/12 2 [] [] []\OML/cmm/m/it/12 ^^R \OT1/cmr/m/n/12 + (1 \OMS/cmsy/m/n/12 ^^@ \OML/cmm/m/it/12 ^^R\OT1/cmr/m/n/12 )(1 \OMS/cmsy/m/n/12 ^^@ \OML/cmm/m/it/12 e[]\OT1/cmr/m/n/12 )[][]\OML/cmm/m/it/12 :
 []


Package hyperref Warning: Token not allowed in a PDF string (Unicode):
(hyperref)                removing `math shift' on input line 67.


Package hyperref Warning: Token not allowed in a PDF string (Unicode):
(hyperref)                removing `\lambda' on input line 67.


Package hyperref Warning: Token not allowed in a PDF string (Unicode):
(hyperref)                removing `math shift' on input line 67.

[15




]

Package hyperref Warning: Token not allowed in a PDF string (Unicode):
(hyperref)                removing `math shift' on input line 105.


Package hyperref Warning: Token not allowed in a PDF string (Unicode):
(hyperref)                removing `\alpha' on input line 105.


Package hyperref Warning: Token not allowed in a PDF string (Unicode):
(hyperref)                removing `math shift' on input line 105.


Package hyperref Warning: Token not allowed in a PDF string (Unicode):
(hyperref)                removing `math shift' on input line 128.


Package hyperref Warning: Token not allowed in a PDF string (Unicode):
(hyperref)                removing `\theta' on input line 128.


Package hyperref Warning: Token not allowed in a PDF string (Unicode):
(hyperref)                removing `math shift' on input line 128.


LaTeX Warning: Reference `eq:score_theta' on page 16 undefined on input line 150.


Package hyperref Warning: Token not allowed in a PDF string (Unicode):
(hyperref)                removing `math shift' on input line 154.


Package hyperref Warning: Token not allowed in a PDF string (Unicode):
(hyperref)                removing `\alpha' on input line 154.


Package hyperref Warning: Token not allowed in a PDF string (Unicode):
(hyperref)                removing `math shift' on input line 154.


chapters/chapter5_parameter_estimation.tex:167: LaTeX Error: Environment theorem undefined.

See the LaTeX manual or LaTeX Companion for explanation.
Type  H <return>  for immediate help.
 ...                                              
                                                  
l.167 \begin{theorem}
                     
Your command was ignored.
Type  I <command> <return>  to replace it with another command,
or  <return>  to continue without it.


chapters/chapter5_parameter_estimation.tex:179: LaTeX Error: \begin{document} ended by \end{theorem}.

See the LaTeX manual or LaTeX Companion for explanation.
Type  H <return>  for immediate help.
 ...                                              
                                                  
l.179     \end{theorem}
                       
Your command was ignored.
Type  I <command> <return>  to replace it with another command,
or  <return>  to continue without it.


chapters/chapter5_parameter_estimation.tex:181: LaTeX Error: Environment proof undefined.

See the LaTeX manual or LaTeX Companion for explanation.
Type  H <return>  for immediate help.
 ...                                              
                                                  
l.181     \begin{proof}
                       
Your command was ignored.
Type  I <command> <return>  to replace it with another command,
or  <return>  to continue without it.


LaTeX Warning: Reference `eq:score_alpha' on page 16 undefined on input line 183.


chapters/chapter5_parameter_estimation.tex:185: LaTeX Error: \begin{document} ended by \end{proof}.

See the LaTeX manual or LaTeX Companion for explanation.
Type  H <return>  for immediate help.
 ...                                              
                                                  
l.185     \end{proof}
                     
Your command was ignored.
Type  I <command> <return>  to replace it with another command,
or  <return>  to continue without it.

[16]

LaTeX Warning: Reference `eq:jointpdf' on page 17 undefined on input line 219.

[17]
pdfTeX warning (ext4): destination with the same identifier (name{equation.5.5}) has been already used, duplicate ignored
<to be read again> 
                   \relax 
l.317 \begin{equation}
                      
pdfTeX warning (ext4): destination with the same identifier (name{equation.5.5}) has been already used, duplicate ignored
<to be read again> 
                   \relax 
l.317 \begin{equation}
                      
pdfTeX warning (ext4): destination with the same identifier (name{equation.5.5}) has been already used, duplicate ignored
<to be read again> 
                   \relax 
l.317 \begin{equation}
                      
pdfTeX warning (ext4): destination with the same identifier (name{equation.5.5}) has been already used, duplicate ignored
<to be read again> 
                   \relax 
l.317 \begin{equation}
                      
pdfTeX warning (ext4): destination with the same identifier (name{equation.5.5}) has been already used, duplicate ignored
<to be read again> 
                   \relax 
l.333 \begin{equation}
                      
pdfTeX warning (ext4): destination with the same identifier (name{equation.5.5}) has been already used, duplicate ignored
<to be read again> 
                   \relax 
l.333 \begin{equation}
                      
pdfTeX warning (ext4): destination with the same identifier (name{equation.5.5}) has been already used, duplicate ignored
<to be read again> 
                   \relax 
l.333 \begin{equation}
                      
pdfTeX warning (ext4): destination with the same identifier (name{equation.5.5}) has been already used, duplicate ignored
<to be read again> 
                   \relax 
l.333 \begin{equation}
                      
pdfTeX warning (ext4): destination with the same identifier (name{equation.5.5}) has been already used, duplicate ignored
<to be read again> 
                   \relax 
l.359 \begin{equation}
                      
pdfTeX warning (ext4): destination with the same identifier (name{equation.5.5}) has been already used, duplicate ignored
<to be read again> 
                   \relax 
l.359 \begin{equation}
                      
pdfTeX warning (ext4): destination with the same identifier (name{equation.5.5}) has been already used, duplicate ignored
<to be read again> 
                   \relax 
l.359 \begin{equation}
                      
pdfTeX warning (ext4): destination with the same identifier (name{equation.5.5}) has been already used, duplicate ignored
<to be read again> 
                   \relax 
l.359 \begin{equation}
                      
pdfTeX warning (ext4): destination with the same identifier (name{equation.5.5}) has been already used, duplicate ignored
<to be read again> 
                   \relax 
l.380 \begin{equation}
                      
pdfTeX warning (ext4): destination with the same identifier (name{equation.5.5}) has been already used, duplicate ignored
<to be read again> 
                   \relax 
l.380 \begin{equation}
                      
pdfTeX warning (ext4): destination with the same identifier (name{equation.5.5}) has been already used, duplicate ignored
<to be read again> 
                   \relax 
l.380 \begin{equation}
                      
pdfTeX warning (ext4): destination with the same identifier (name{equation.5.5}) has been already used, duplicate ignored
<to be read again> 
                   \relax 
l.380 \begin{equation}
                      
pdfTeX warning (ext4): destination with the same identifier (name{equation.5.5}) has been already used, duplicate ignored
<to be read again> 
                   \relax 
l.402 \begin{equation}
                      
pdfTeX warning (ext4): destination with the same identifier (name{equation.5.5}) has been already used, duplicate ignored
<to be read again> 
                   \relax 
l.402 \begin{equation}
                      
pdfTeX warning (ext4): destination with the same identifier (name{equation.5.5}) has been already used, duplicate ignored
<to be read again> 
                   \relax 
l.402 \begin{equation}
                      
pdfTeX warning (ext4): destination with the same identifier (name{equation.5.5}) has been already used, duplicate ignored
<to be read again> 
                   \relax 
l.402 \begin{equation}
                       [18]

LaTeX Warning: Reference `eq:jointpdf' on page 19 undefined on input line 441.

) [19]
\openout2 = `chapters/chapter6_simulation_study.aux'.

 (chapters/chapter6_simulation_study.tex
Chapter 6.

Overfull \hbox (3.1232pt too wide) in paragraph at lines 8--11
\OT1/cmr/m/n/12 dis-tri-bu-tion is highly flex-i-ble and ca-pa-ble of mod-elling in-creas-ing, de-creas-ing, and bathtub-
 []

[20




]

LaTeX Warning: File `boxplots_parameters.png' not found on input line 42.


chapters/chapter6_simulation_study.tex:42: Package pdftex.def Error: File `boxplots_parameters.png' not found: using draft setting.

See the pdftex.def package documentation for explanation.
Type  H <return>  for immediate help.
 ...                                              
                                                  
l.42 ...th=0.9\textwidth]{boxplots_parameters.png}
                                                  
Try typing  <return>  to proceed.
If that doesn't work, type  X <return>  to quit.


LaTeX Warning: Reference `fig:boxplots' on page 21 undefined on input line 47.

[21]

LaTeX Warning: File `mse_vs_n.png' not found on input line 64.


chapters/chapter6_simulation_study.tex:64: Package pdftex.def Error: File `mse_vs_n.png' not found: using draft setting.

See the pdftex.def package documentation for explanation.
Type  H <return>  for immediate help.
 ...                                              
                                                  
l.64 ...aphics[width=0.85\textwidth]{mse_vs_n.png}
                                                  
Try typing  <return>  to proceed.
If that doesn't work, type  X <return>  to quit.


LaTeX Warning: Reference `fig:mse' on page 22 undefined on input line 69.

[22]

LaTeX Warning: File `em_convergence.png' not found on input line 89.


chapters/chapter6_simulation_study.tex:89: Package pdftex.def Error: File `em_convergence.png' not found: using draft setting.

See the pdftex.def package documentation for explanation.
Type  H <return>  for immediate help.
 ...                                              
                                                  
l.89 ...s[width=0.8\textwidth]{em_convergence.png}
                                                  
Try typing  <return>  to proceed.
If that doesn't work, type  X <return>  to quit.

[23]

LaTeX Warning: Reference `fig:convergence' on page 24 undefined on input line 94.

[24]

LaTeX Warning: File `bootstrap_histograms.png' not found on input line 129.


chapters/chapter6_simulation_study.tex:129: Package pdftex.def Error: File `bootstrap_histograms.png' not found: using draft setting.

See the pdftex.def package documentation for explanation.
Type  H <return>  for immediate help.
 ...                                              
                                                  
l.129 ...dth=\textwidth]{bootstrap_histograms.png}
                                                  
Try typing  <return>  to proceed.
If that doesn't work, type  X <return>  to quit.

[25]

LaTeX Warning: File `bootstrap_boxplots.png' not found on input line 136.


chapters/chapter6_simulation_study.tex:136: Package pdftex.def Error: File `bootstrap_boxplots.png' not found: using draft setting.

See the pdftex.def package documentation for explanation.
Type  H <return>  for immediate help.
 ...                                              
                                                  
l.136 ...width=\textwidth]{bootstrap_boxplots.png}
                                                  
Try typing  <return>  to proceed.
If that doesn't work, type  X <return>  to quit.

[26]

LaTeX Warning: File `scatter_x1_x2.png' not found on input line 149.


chapters/chapter6_simulation_study.tex:149: Package pdftex.def Error: File `scatter_x1_x2.png' not found: using draft setting.

See the pdftex.def package documentation for explanation.
Type  H <return>  for immediate help.
 ...                                              
                                                  
l.149 ...s[width=0.8\textwidth]{scatter_x1_x2.png}
                                                  
Try typing  <return>  to proceed.
If that doesn't work, type  X <return>  to quit.

[27] [28]) [29]
\openout2 = `chapters/chapter7_data_analysis.aux'.

 (chapters/chapter7_data_analysis.tex
Chapter 7.

LaTeX Warning: File `histogram_first_goal.png' not found on input line 15.


chapters/chapter7_data_analysis.tex:15: Package pdftex.def Error: File `histogram_first_goal.png' not found: using draft setting.

See the pdftex.def package documentation for explanation.
Type  H <return>  for immediate help.
 ...                                              
                                                  
l.15 ...h=0.7\textwidth]{histogram_first_goal.png}
                                                  
Try typing  <return>  to proceed.
If that doesn't work, type  X <return>  to quit.

[30




]

LaTeX Warning: Reference `fig:hist_goal' on page 31 undefined on input line 20.


LaTeX Warning: File `ecdf_home_away.png' not found on input line 26.


chapters/chapter7_data_analysis.tex:26: Package pdftex.def Error: File `ecdf_home_away.png' not found: using draft setting.

See the pdftex.def package documentation for explanation.
Type  H <return>  for immediate help.
 ...                                              
                                                  
l.26 ...s[width=0.7\textwidth]{ecdf_home_away.png}
                                                  
Try typing  <return>  to proceed.
If that doesn't work, type  X <return>  to quit.

[31]

LaTeX Warning: Reference `fig:ecdf' on page 32 undefined on input line 31.


LaTeX Warning: File `ttt_home.png' not found on input line 41.


chapters/chapter7_data_analysis.tex:41: Package pdftex.def Error: File `ttt_home.png' not found: using draft setting.

See the pdftex.def package documentation for explanation.
Type  H <return>  for immediate help.
 ...                                              
                                                  
l.41 ...raphics[width=0.7\textwidth]{ttt_home.png}
                                                  
Try typing  <return>  to proceed.
If that doesn't work, type  X <return>  to quit.

[32]

LaTeX Warning: File `ttt_away.png' not found on input line 48.


chapters/chapter7_data_analysis.tex:48: Package pdftex.def Error: File `ttt_away.png' not found: using draft setting.

See the pdftex.def package documentation for explanation.
Type  H <return>  for immediate help.
 ...                                              
                                                  
l.48 ...raphics[width=0.7\textwidth]{ttt_away.png}
                                                  
Try typing  <return>  to proceed.
If that doesn't work, type  X <return>  to quit.

[33]

LaTeX Warning: Reference `fig:ttt_home' on page 34 undefined on input line 53.


LaTeX Warning: Reference `fig:ttt_away' on page 34 undefined on input line 53.

[34] [35]) [36]
\openout2 = `chapters/chapter8_conclusion.aux'.

 (chapters/chapter8_conclusion.tex
Chapter 8.
[37




]) [38] (main.bbl) [39



] (main.aux (chapters/chapter1_introduction.aux) (chapters/chapter2_distributions.aux) (chapters/chapter3_model_description.aux) (chapters/chapter4_methodology_em_overview.aux) (chapters/chapter5_parameter_estimation.aux) (chapters/chapter6_simulation_study.aux) (chapters/chapter7_data_analysis.aux) (chapters/chapter8_conclusion.aux)

Package natbib Warning: Citation(s) may have changed.
(natbib)                Rerun to get citations correct.

)
 ***********
LaTeX2e <2025-11-01>
L3 programming layer <2025-11-06>
 ***********


LaTeX Warning: There were undefined references.


LaTeX Warning: Label(s) may have changed. Rerun to get cross-references right.


Package rerunfilecheck Warning: File `main.out' has changed.
(rerunfilecheck)                Rerun to get outlines right
(rerunfilecheck)                or use package `bookmark'.

Package rerunfilecheck Info: Checksums for `main.out':
(rerunfilecheck)             Before: <no file>
(rerunfilecheck)             After:  E4EEBD401EF8AA600C5F98E1760EDF9C;10329.
 ) 
Here is how much of TeX's memory you used:
 11659 strings out of 467870
 187160 string characters out of 5428425
 590191 words of memory out of 5000000
 40221 multiletter control sequences out of 15000+600000
 638891 words of font info for 83 fonts, out of 8000000 for 9000
 1141 hyphenation exceptions out of 8191
 80i,9n,82p,648b,601s stack positions out of 10000i,1000n,20000p,200000b,200000s
 <C:\Users\WSIP\AppData\Local\MiKTeX\fonts/pk/ljfour/jknappen/ec/dpi600\tcrm1200.pk><C:/Program Files/MiKTeX/fonts/type1/public/amsfonts/cm/cmbx12.pfb><C:/Program Files/MiKTeX/fonts/type1/public/amsfonts/cm/cmex10.pfb><C:/Program Files/MiKTeX/fonts/type1/public/amsfonts/cm/cmmi12.pfb><C:/Program Files/MiKTeX/fonts/type1/public/amsfonts/cm/cmmi6.pfb><C:/Program Files/MiKTeX/fonts/type1/public/amsfonts/cm/cmmi8.pfb><C:/Program Files/MiKTeX/fonts/type1/public/amsfonts/cm/cmr12.pfb><C:/Program Files/MiKTeX/fonts/type1/public/amsfonts/cm/cmr17.pfb><C:/Program Files/MiKTeX/fonts/type1/public/amsfonts/cm/cmr8.pfb><C:/Program Files/MiKTeX/fonts/type1/public/amsfonts/cm/cmsy10.pfb><C:/Program Files/MiKTeX/fonts/type1/public/amsfonts/cm/cmsy8.pfb><C:/Program Files/MiKTeX/fonts/type1/public/amsfonts/cm/cmti12.pfb><C:/Program Files/MiKTeX/fonts/type1/public/amsfonts/cm/cmtt12.pfb>
Output written on main.pdf (41 pages, 250876 bytes).
PDF statistics:
 369 PDF objects out of 1000 (max. 8388607)
 136 named destinations out of 1000 (max. 500000)
 6 words of extra memory for PDF output out of 10000 (max. 10000000)

